[debug] [2022-12-26T03:54:48.129Z] ----------------------------------------------------------------------
[debug] [2022-12-26T03:54:48.130Z] Command:       /usr/local/bin/node /usr/local/bin/firebase init
[debug] [2022-12-26T03:54:48.130Z] CLI Version:   11.19.0
[debug] [2022-12-26T03:54:48.130Z] Platform:      darwin
[debug] [2022-12-26T03:54:48.130Z] Node Version:  v16.15.1
[debug] [2022-12-26T03:54:48.131Z] Time:          Mon Dec 26 2022 12:54:48 GMT+0900 (Korean Standard Time)
[debug] [2022-12-26T03:54:48.131Z] ----------------------------------------------------------------------
[debug] 
[debug] [2022-12-26T03:54:48.134Z] > command requires scopes: ["email","openid","https://www.googleapis.com/auth/cloudplatformprojects.readonly","https://www.googleapis.com/auth/firebase","https://www.googleapis.com/auth/cloud-platform"]
[debug] [2022-12-26T03:54:48.134Z] > authorizing via signed-in user (2210220@bsis.hs.kr)
[info] 
     ######## #### ########  ######## ########     ###     ######  ########
     ##        ##  ##     ## ##       ##     ##  ##   ##  ##       ##
     ######    ##  ########  ######   ########  #########  ######  ######
     ##        ##  ##    ##  ##       ##     ## ##     ##       ## ##
     ##       #### ##     ## ######## ########  ##     ##  ######  ########

You're about to initialize a Firebase project in this directory:

  /Users/junwoo/Desktop/Desktop/Programming/pictureapp

[info] 
=== Project Setup
[info] 
[info] First, let's associate this project directory with a Firebase project.
[info] You can create multiple project aliases by running firebase use --add, 
[info] but for now we'll just set up a default project.
[info] 
[debug] [2022-12-26T03:54:51.570Z] > refreshing access token with scopes: []
[debug] [2022-12-26T03:54:51.571Z] >>> [apiv2][query] POST https://www.googleapis.com/oauth2/v3/token [none]
[debug] [2022-12-26T03:54:51.571Z] >>> [apiv2][body] POST https://www.googleapis.com/oauth2/v3/token [omitted]
[debug] [2022-12-26T03:54:51.833Z] <<< [apiv2][status] POST https://www.googleapis.com/oauth2/v3/token 200
[debug] [2022-12-26T03:54:51.833Z] <<< [apiv2][body] POST https://www.googleapis.com/oauth2/v3/token [omitted]
[debug] [2022-12-26T03:54:51.844Z] >>> [apiv2][query] GET https://firebase.googleapis.com/v1beta1/projects pageSize=100
[debug] [2022-12-26T03:54:52.586Z] <<< [apiv2][status] GET https://firebase.googleapis.com/v1beta1/projects 200
[debug] [2022-12-26T03:54:52.586Z] <<< [apiv2][body] GET https://firebase.googleapis.com/v1beta1/projects [omitted]
[info] i  Using project pictureapp-44d55 (pictureapp) 
[info] 
=== Hosting Setup
[info] 
[info] Your public directory is the folder (relative to your project directory) that
[info] will contain Hosting assets to be uploaded with firebase deploy. If you
[info] have a build process for your assets, use your build's output directory.
[info] 
